<?xml version="1.0" encoding="UTF-8"?>
<!DOCTYPE html PUBLIC "-//W3C//DTD XHTML 1.0 Strict//EN" "http://www.w3.org/TR/xhtml1/DTD/xhtml1-strict.dtd">
<html xmlns="http://www.w3.org/1999/xhtml">
<head>
    <title>enteliWEB Reporting Sanity Test Report</title>
    <meta name="generator" content="HTMLTestRunner 0.8.2"/>
    <meta http-equiv="Content-Type" content="text/html; charset=UTF-8"/>
    
<style type="text/css" media="screen">
body        { font-family: verdana, arial, helvetica, sans-serif; font-size: 80%; }
table       { font-size: 100%; }
pre         { }

/* -- heading ---------------------------------------------------------------------- */
h1 {
	font-size: 16pt;
	color: gray;
}
.heading {
    margin-top: 0ex;
    margin-bottom: 1ex;
}

.heading .attribute {
    margin-top: 1ex;
    margin-bottom: 0;
}

.heading .description {
    margin-top: 4ex;
    margin-bottom: 6ex;
}

/* -- css div popup ------------------------------------------------------------------------ */
a.popup_link {
}

a.popup_link:hover {
    color: red;
}

.popup_window {
    display: none;
    position: relative;
    left: 0px;
    top: 0px;
    /*border: solid #627173 1px; */
    padding: 10px;
    background-color: #E6E6D6;
    font-family: "Lucida Console", "Courier New", Courier, monospace;
    text-align: left;
    font-size: 8pt;
    width: 500px;
}

.result_detail {
    width: 500px;
    overflow: auto;
}
/* -- report ------------------------------------------------------------------------ */
#show_detail_line {
    margin-top: 3ex;
    margin-bottom: 1ex;
}
#result_table {
    width: 80%;
    border-collapse: collapse;
    border: 1px solid #777;
}
#header_row {
    font-weight: bold;
    color: white;
    background-color: #777;
}
#result_table td {
    border: 1px solid #777;
    padding: 2px;
}
#total_row  { font-weight: bold; }
.passClass  { background-color: #6c6; }
.failClass  { background-color: #c60; }
.errorClass { background-color: #c00; }
.passCase   { color: #6c6; }
.failCase   { color: #c60; font-weight: bold; }
.errorCase  { color: #c00; font-weight: bold; }
.hiddenRow  { display: none; }
.testcase   { margin-left: 2em; }


/* -- ending ---------------------------------------------------------------------- */
#ending {
}

</style>

</head>
<body>
<script language="javascript" type="text/javascript"><!--
output_list = Array();

/* level - 0:Summary; 1:Failed; 2:All */
function showCase(level) {
    trs = document.getElementsByTagName("tr");
    for (var i = 0; i < trs.length; i++) {
        tr = trs[i];
        id = tr.id;
        if (id.substr(0,2) == 'ft') {
            if (level < 1) {
                tr.className = 'hiddenRow';
            }
            else {
                tr.className = '';
            }
        }
        if (id.substr(0,2) == 'pt') {
            if (level > 1) {
                tr.className = '';
            }
            else {
                tr.className = 'hiddenRow';
            }
        }
    }
}


function showClassDetail(cid, count) {
    var id_list = Array(count);
    var toHide = 1;
    for (var i = 0; i < count; i++) {
        tid0 = 't' + cid.substr(1) + '.' + (i+1);
        tid = 'f' + tid0;
        tr = document.getElementById(tid);
        if (!tr) {
            tid = 'p' + tid0;
            tr = document.getElementById(tid);
        }
        id_list[i] = tid;
        if (tr.className) {
            toHide = 0;
        }
    }
    for (var i = 0; i < count; i++) {
        tid = id_list[i];
        if (toHide) {
            document.getElementById('div_'+tid).style.display = 'none'
            document.getElementById(tid).className = 'hiddenRow';
        }
        else {
            document.getElementById(tid).className = '';
        }
    }
}


function showTestDetail(div_id){
    var details_div = document.getElementById(div_id)
    var displayState = details_div.style.display
    // alert(displayState)
    if (displayState != 'block' ) {
        displayState = 'block'
        details_div.style.display = 'block'
    }
    else {
        details_div.style.display = 'none'
    }
}


function html_escape(s) {
    s = s.replace(/&/g,'&amp;');
    s = s.replace(/</g,'&lt;');
    s = s.replace(/>/g,'&gt;');
    return s;
}

/* obsoleted by detail in <div>
function showOutput(id, name) {
    var w = window.open("", //url
                    name,
                    "resizable,scrollbars,status,width=800,height=450");
    d = w.document;
    d.write("<pre>");
    d.write(html_escape(output_list[id]));
    d.write("\n");
    d.write("<a href='javascript:window.close()'>close</a>\n");
    d.write("</pre>\n");
    d.close();
}
*/
--></script>

<div class='heading'>
<h1>enteliWEB Reporting Sanity Test Report</h1>
<p class='attribute'><strong>Start Time:</strong> 2017-06-29 13:11:33</p>
<p class='attribute'><strong>Duration:</strong> 01:39:33.021</p>
<p class='attribute'><strong>Status:</strong> Pass 20 Failure 13</p>

<p class='description'>Test against eweb4.6.44 on Windows 2012 Server (host: delsry3860.network.com).</p>
</div>



<p id='show_detail_line'>Show
<a href='javascript:showCase(0)'>Summary</a>
<a href='javascript:showCase(1)'>Failed</a>
<a href='javascript:showCase(2)'>All</a>
</p>
<table id='result_table'>
<colgroup>
<col align='left' />
<col align='right' />
<col align='right' />
<col align='right' />
<col align='right' />
<col align='right' />
<col align='right' />
</colgroup>
<tr id='header_row'>
    <td>Test Group/Test case</td>
    <td>Time</td>
    <td>Count</td>
    <td>Pass</td>
    <td>Fail</td>
    <td>Error</td>
    <td>View</td>
</tr>

<tr class='passClass'>
    <td>tests.BAS_Reports.Sanity_Test.Calibration.Calibration_Report.TestCase</td>
    <td>00:02:00.401</td>
    <td>1</td>
    <td>1</td>
    <td>0</td>
    <td>0</td>
    <td><a href="javascript:showClassDetail('c1',1)">Detail</a></td>
</tr>

<tr id='pt1.1' class='hiddenRow'>
    <td class='none'><div class='testcase'>testMain_1: Verify report data returned for filter: Default settings test</div></td>
    <td>00:02:00.401</td>
    <td colspan='5' align='center'>

    <!--css div popup start-->
    <a class="popup_link" onfocus='this.blur();' href="javascript:showTestDetail('div_pt1.1')" >
        pass</a>

    <div id='div_pt1.1' class="popup_window">
        <div style='text-align: right; color:red;cursor:pointer'>
        <a onfocus='this.blur();' onclick="document.getElementById('div_pt1.1').style.display = 'none' " >
           [x]</a>
        </div>
        <div class="result_detail"><pre>
        
pt1.1: debug: switch back to default
debug: switch back to default
debug: switch back to default
XTree._getTreeNode(): tree node 'Building Automation\Calibration\Sanity Test Calibration Report' was not found.
XTree._getTreeNode(): tree node 'Building Automation\Calibration\Sanity Test Calibration Report' was not found.
debug: switch back to default
debug: switch to frame mainFrame
debug: switch back to default
debug: switch to frame mainFrame


        </pre></div>
    </div>
    <!--css div popup end-->

    </td>
</tr>

<tr class='passClass'>
    <td>tests.BAS_Reports.Sanity_Test.Decommissioned_Fault.Decommissioned_Fault_Report.TestCase</td>
    <td>00:04:11.660</td>
    <td>1</td>
    <td>1</td>
    <td>0</td>
    <td>0</td>
    <td><a href="javascript:showClassDetail('c2',1)">Detail</a></td>
</tr>

<tr id='pt2.1' class='hiddenRow'>
    <td class='none'><div class='testcase'>testMain_1: Verify report data returned for filter: Default settings test</div></td>
    <td>00:04:11.660</td>
    <td colspan='5' align='center'>

    <!--css div popup start-->
    <a class="popup_link" onfocus='this.blur();' href="javascript:showTestDetail('div_pt2.1')" >
        pass</a>

    <div id='div_pt2.1' class="popup_window">
        <div style='text-align: right; color:red;cursor:pointer'>
        <a onfocus='this.blur();' onclick="document.getElementById('div_pt2.1').style.display = 'none' " >
           [x]</a>
        </div>
        <div class="result_detail"><pre>
        
pt2.1: debug: switch back to default
debug: switch back to default
debug: switch back to default
debug: switch back to default
debug: switch to frame mainFrame
debug: switch back to default
debug: switch to frame mainFrame


        </pre></div>
    </div>
    <!--css div popup end-->

    </td>
</tr>

<tr class='passClass'>
    <td>tests.BAS_Reports.Sanity_Test.Input_Points_List.Input_Points__List_Report.TestCase</td>
    <td>00:01:46.569</td>
    <td>1</td>
    <td>1</td>
    <td>0</td>
    <td>0</td>
    <td><a href="javascript:showClassDetail('c3',1)">Detail</a></td>
</tr>

<tr id='pt3.1' class='hiddenRow'>
    <td class='none'><div class='testcase'>testMain_1: Verify report data returned for filter: Default settings test</div></td>
    <td>00:01:46.569</td>
    <td colspan='5' align='center'>

    <!--css div popup start-->
    <a class="popup_link" onfocus='this.blur();' href="javascript:showTestDetail('div_pt3.1')" >
        pass</a>

    <div id='div_pt3.1' class="popup_window">
        <div style='text-align: right; color:red;cursor:pointer'>
        <a onfocus='this.blur();' onclick="document.getElementById('div_pt3.1').style.display = 'none' " >
           [x]</a>
        </div>
        <div class="result_detail"><pre>
        
pt3.1: debug: switch back to default
debug: switch back to default
debug: switch back to default
debug: switch back to default
debug: switch to frame mainFrame
debug: switch back to default
debug: switch to frame mainFrame


        </pre></div>
    </div>
    <!--css div popup end-->

    </td>
</tr>

<tr class='failClass'>
    <td>tests.BAS_Reports.Sanity_Test.Objects_In_Manual.Objects_In_Manual_Report.TestCase</td>
    <td>00:12:51.657</td>
    <td>2</td>
    <td>1</td>
    <td>1</td>
    <td>0</td>
    <td><a href="javascript:showClassDetail('c4',2)">Detail</a></td>
</tr>

<tr id='pt4.1' class='hiddenRow'>
    <td class='none'><div class='testcase'>testMain_1: Verify report data returned for filter: Default settings test</div></td>
    <td>00:06:14.780</td>
    <td colspan='5' align='center'>

    <!--css div popup start-->
    <a class="popup_link" onfocus='this.blur();' href="javascript:showTestDetail('div_pt4.1')" >
        pass</a>

    <div id='div_pt4.1' class="popup_window">
        <div style='text-align: right; color:red;cursor:pointer'>
        <a onfocus='this.blur();' onclick="document.getElementById('div_pt4.1').style.display = 'none' " >
           [x]</a>
        </div>
        <div class="result_detail"><pre>
        
pt4.1: debug: switch back to default
debug: switch back to default
debug: switch back to default
debug: switch back to default
debug: switch to frame mainFrame
debug: switch back to default
debug: switch to frame mainFrame


        </pre></div>
    </div>
    <!--css div popup end-->

    </td>
</tr>

<tr id='ft4.2' class='none'>
    <td class='failCase'><div class='testcase'>testMain_2: Verify report data returned for filter: Object type and instance range settings test</div></td>
    <td>00:06:36.877</td>
    <td colspan='5' align='center'>

    <!--css div popup start-->
    <a class="popup_link" onfocus='this.blur();' href="javascript:showTestDetail('div_ft4.2')" >
        fail</a>

    <div id='div_ft4.2' class="popup_window">
        <div style='text-align: right; color:red;cursor:pointer'>
        <a onfocus='this.blur();' onclick="document.getElementById('div_ft4.2').style.display = 'none' " >
           [x]</a>
        </div>
        <div class="result_detail"><pre>
        
ft4.2: debug: switch back to default
debug: switch back to default
debug: switch back to default
debug: switch back to default
debug: switch to frame mainFrame
debug: switch back to default
debug: switch to frame mainFrame
AssertionError: False is not true : 
Element counts were not equal:
First has 1, Second has 0:  u'DEV 2600 \u201a\u0192\u201e\u2026\u2020\u2021\u02c6\u2030\u2018\u2019\u201c\u201d\u2022\u2013\u2014\u02dc\u2122\xa2\xa3\xa4\xa5\xa6\xa7\xa8\xa9@\xc1\xc2\xc3\xc4\xc5\xc6\xc7\xc8\xc9\xd1\xd2\xd3\xd4\xd5\xd6\xd7\xd8\xd9\xe2\xe3\xe4\xe5\xe6\xe7\xe8\xe9 (2600)'
First has 0, Second has 1:  u'DEV 2600 \x81\u201a\u0192\u201e\u2026\u2020\u2021\u02c6\u2030\u2018\u2019\u201c\u201d\u2022\u2013\u2014\u02dc\u2122\xa2\xa3\xa4\xa5\xa6\xa7\xa8\xa9@\xc1\xc2\xc3\xc4\xc5\xc6\xc7\xc8\xc9\xd1\xd2\xd3\xd4\xd5\xd6\xd7\xd8\xd9\xe2\xe3\xe4\xe5\xe6\xe7\xe8\xe9 (2600)' : Verify the accuracy of grouping label failed


        </pre></div>
    </div>
    <!--css div popup end-->

    </td>
</tr>

<tr class='passClass'>
    <td>tests.BAS_Reports.Sanity_Test.Output_Points_List.Output_Points__List_Report.TestCase</td>
    <td>00:01:49.680</td>
    <td>1</td>
    <td>1</td>
    <td>0</td>
    <td>0</td>
    <td><a href="javascript:showClassDetail('c5',1)">Detail</a></td>
</tr>

<tr id='pt5.1' class='hiddenRow'>
    <td class='none'><div class='testcase'>testMain_1: Verify report data returned for filter: Default settings test</div></td>
    <td>00:01:49.680</td>
    <td colspan='5' align='center'>

    <!--css div popup start-->
    <a class="popup_link" onfocus='this.blur();' href="javascript:showTestDetail('div_pt5.1')" >
        pass</a>

    <div id='div_pt5.1' class="popup_window">
        <div style='text-align: right; color:red;cursor:pointer'>
        <a onfocus='this.blur();' onclick="document.getElementById('div_pt5.1').style.display = 'none' " >
           [x]</a>
        </div>
        <div class="result_detail"><pre>
        
pt5.1: debug: switch back to default
debug: switch back to default
debug: switch back to default
debug: switch back to default
debug: switch to frame mainFrame
debug: switch back to default
debug: switch to frame mainFrame


        </pre></div>
    </div>
    <!--css div popup end-->

    </td>
</tr>

<tr class='passClass'>
    <td>tests.BAS_Reports.Sanity_Test.Object_Query.Active_Alarms_Report.ActiveAlarmsReport</td>
    <td>00:02:01.600</td>
    <td>1</td>
    <td>1</td>
    <td>0</td>
    <td>0</td>
    <td><a href="javascript:showClassDetail('c6',1)">Detail</a></td>
</tr>

<tr id='pt6.1' class='hiddenRow'>
    <td class='none'><div class='testcase'>testMain_1: Verify report data returned for filter: Sanity Test Active Alarms Report1</div></td>
    <td>00:02:01.600</td>
    <td colspan='5' align='center'>

    <!--css div popup start-->
    <a class="popup_link" onfocus='this.blur();' href="javascript:showTestDetail('div_pt6.1')" >
        pass</a>

    <div id='div_pt6.1' class="popup_window">
        <div style='text-align: right; color:red;cursor:pointer'>
        <a onfocus='this.blur();' onclick="document.getElementById('div_pt6.1').style.display = 'none' " >
           [x]</a>
        </div>
        <div class="result_detail"><pre>
        
pt6.1: debug: switch back to default
debug: switch back to default
debug: switch back to default
debug: switch back to default
debug: switch to frame mainFrame
debug: switch back to default
debug: switch to frame mainFrame


        </pre></div>
    </div>
    <!--css div popup end-->

    </td>
</tr>

<tr class='failClass'>
    <td>tests.BAS_Reports.Sanity_Test.Object_Query.AdHoc_Calibration_Report.AdHocCalibrationReport</td>
    <td>00:01:55.760</td>
    <td>1</td>
    <td>0</td>
    <td>1</td>
    <td>0</td>
    <td><a href="javascript:showClassDetail('c7',1)">Detail</a></td>
</tr>

<tr id='ft7.1' class='none'>
    <td class='failCase'><div class='testcase'>testMain_1: Verify report data returned for filter: Sanity Test AdHoc Calibration Report</div></td>
    <td>00:01:55.760</td>
    <td colspan='5' align='center'>

    <!--css div popup start-->
    <a class="popup_link" onfocus='this.blur();' href="javascript:showTestDetail('div_ft7.1')" >
        fail</a>

    <div id='div_ft7.1' class="popup_window">
        <div style='text-align: right; color:red;cursor:pointer'>
        <a onfocus='this.blur();' onclick="document.getElementById('div_ft7.1').style.display = 'none' " >
           [x]</a>
        </div>
        <div class="result_detail"><pre>
        
ft7.1: debug: switch back to default
debug: switch back to default
debug: switch back to default
debug: switch back to default
debug: switch to frame mainFrame
debug: switch back to default
debug: switch to frame mainFrame
AssertionError: False is not true : 
u'\u221e' != '121e1212' : Verify returned data 'Name' for AI1 under eBCON 2200 (2200) failed


        </pre></div>
    </div>
    <!--css div popup end-->

    </td>
</tr>

<tr class='failClass'>
    <td>tests.BAS_Reports.Sanity_Test.Object_Query.AdHoc_Decommissioned_Fault_Report.AdHocDecommFaultReport</td>
    <td>00:03:12.857</td>
    <td>1</td>
    <td>0</td>
    <td>1</td>
    <td>0</td>
    <td><a href="javascript:showClassDetail('c8',1)">Detail</a></td>
</tr>

<tr id='ft8.1' class='none'>
    <td class='failCase'><div class='testcase'>testMain_1: Verify report data returned for filter: Sanity Test Decommissioned - Fault Report1</div></td>
    <td>00:03:12.857</td>
    <td colspan='5' align='center'>

    <!--css div popup start-->
    <a class="popup_link" onfocus='this.blur();' href="javascript:showTestDetail('div_ft8.1')" >
        fail</a>

    <div id='div_ft8.1' class="popup_window">
        <div style='text-align: right; color:red;cursor:pointer'>
        <a onfocus='this.blur();' onclick="document.getElementById('div_ft8.1').style.display = 'none' " >
           [x]</a>
        </div>
        <div class="result_detail"><pre>
        
ft8.1: debug: switch back to default
debug: switch back to default
debug: switch back to default
debug: switch back to default
debug: switch to frame mainFrame
debug: switch back to default
debug: switch to frame mainFrame
AssertionError: False is not true : 
u'\u221e' != '121e1212' : Verify returned data 'Name' for AI1 under eBCON 2200 (2200) failed


        </pre></div>
    </div>
    <!--css div popup end-->

    </td>
</tr>

<tr class='failClass'>
    <td>tests.BAS_Reports.Sanity_Test.Object_Query.Controller_Firmware_Report.ControllerFirmwareReport</td>
    <td>00:06:19.018</td>
    <td>1</td>
    <td>0</td>
    <td>1</td>
    <td>0</td>
    <td><a href="javascript:showClassDetail('c9',1)">Detail</a></td>
</tr>

<tr id='ft9.1' class='none'>
    <td class='failCase'><div class='testcase'>testMain_1: Verify report data returned for filter: Sanity Test Controller Firmware Report1</div></td>
    <td>00:06:19.018</td>
    <td colspan='5' align='center'>

    <!--css div popup start-->
    <a class="popup_link" onfocus='this.blur();' href="javascript:showTestDetail('div_ft9.1')" >
        fail</a>

    <div id='div_ft9.1' class="popup_window">
        <div style='text-align: right; color:red;cursor:pointer'>
        <a onfocus='this.blur();' onclick="document.getElementById('div_ft9.1').style.display = 'none' " >
           [x]</a>
        </div>
        <div class="result_detail"><pre>
        
ft9.1: debug: switch back to default
debug: switch back to default
debug: switch back to default
debug: switch back to default
debug: switch to frame mainFrame
debug: switch back to default
debug: switch to frame mainFrame
AssertionError: False is not true : 
Element counts were not equal:
First has 1, Second has 0:  u'1000'
First has 1, Second has 0:  u'5000'
First has 1, Second has 0:  u'5003'
First has 1, Second has 0:  u'5016'
First has 1, Second has 0:  u'5100' : Verify the accuracy of returned devices failed

u'3.4' != '3.40' : Verify returned data 'Firmware' for device 1300 failed

u'26' != '0026' : Verify returned data 'Build' for device 2001 failed

u'4' != '4.0' : Verify returned data 'Firmware' for device 2002 failed

u'1' != '1.00' : Verify returned data 'Firmware' for device 2012 failed

u'48' != '0048' : Verify returned data 'Build' for device 2012 failed

u'DEV 2600 \u201a\u0192\u201e\u2026\u2020\u2021\u02c6\u2030\u2018\u2019\u201c\u2 [truncated]... != u'DEV 2600 \x81\u201a\u0192\u201e\u2026\u2020\u2021\u02c6\u2030\u2018\u2019\u201 [truncated]...
- DEV 2600 \u201a\u0192\u201e\u2026\u2020\u2021\u02c6\u2030\u2018\u2019\u201c\u201d\u2022\u2013\u2014\u02dc\u2122\xa2\xa3\xa4\xa5\xa6\xa7\xa8\xa9@\xc1\xc2\xc3\xc4\xc5\xc6\xc7\xc8\xc9\xd1\xd2\xd3\xd4\xd5\xd6\xd7\xd8\xd9\xe2\xe3\xe4\xe5\xe6\xe7\xe8\xe9
+ DEV 2600 \x81\u201a\u0192\u201e\u2026\u2020\u2021\u02c6\u2030\u2018\u2019\u201c\u201d\u2022\u2013\u2014\u02dc\u2122\xa2\xa3\xa4\xa5\xa6\xa7\xa8\xa9@\xc1\xc2\xc3\xc4\xc5\xc6\xc7\xc8\xc9\xd1\xd2\xd3\xd4\xd5\xd6\xd7\xd8\xd9\xe2\xe3\xe4\xe5\xe6\xe7\xe8\xe9
?          +
 : Verify returned data 'Device Name' for device 2600 failed

u'29' != '0029' : Verify returned data 'Build' for device 4001 failed

u'32' != '0032' : Verify returned data 'Build' for device 4002 failed

u'operational' != '' : Verify returned data 'Status' for device 5000 failed

u'12x12 Controller 5000' != '' : Verify returned data 'Device Name' for device 5000 failed

u'V3.40' != '' : Verify returned data 'Firmware' for device 5000 failed

u'206751' != '' : Verify returned data 'Build' for device 5000 failed

u'Delta Controls' != '' : Verify returned data 'Vendor' for device 5000 failed

u'DSC_1212E' != '' : Verify returned data 'Type' for device 5000 failed

u'operational' != '' : Verify returned data 'Status' for device 5003 failed

u'Fan Coil Controller 5003' != '' : Verify returned data 'Device Name' for device 5003 failed

u'V3.40' != '' : Verify returned data 'Firmware' for device 5003 failed

u'189697' != '' : Verify returned data 'Build' for device 5003 failed

u'Delta Controls' != '' : Verify returned data 'Vendor' for device 5003 failed

u'DFC_322R3-240' != '' : Verify returned data 'Type' for device 5003 failed

u'operational' != '' : Verify returned data 'Status' for device 5100 failed

u'&lt;s&gt;12x12 Controller 5100&lt;/s&gt;' != '' : Verify returned data 'Device Name' for device 5100 failed

u'V3.40' != '' : Verify returned data 'Firmware' for device 5100 failed

u'189697' != '' : Verify returned data 'Build' for device 5100 failed

u'Delta Controls' != '' : Verify returned data 'Vendor' for device 5100 failed

u'DSC-1212' != '' : Verify returned data 'Type' for device 5100 failed

u'3.4' != '3.40' : Verify returned data 'Firmware' for device 6000 failed

u'3.4' != '3.40' : Verify returned data 'Firmware' for device 6100 failed


        </pre></div>
    </div>
    <!--css div popup end-->

    </td>
</tr>

<tr class='passClass'>
    <td>tests.BAS_Reports.Sanity_Test.Object_Query.Data_Exchange_Settings_Report.DataExchangeSettingsReport</td>
    <td>00:03:01.857</td>
    <td>1</td>
    <td>1</td>
    <td>0</td>
    <td>0</td>
    <td><a href="javascript:showClassDetail('c10',1)">Detail</a></td>
</tr>

<tr id='pt10.1' class='hiddenRow'>
    <td class='none'><div class='testcase'>testMain_1: Verify report data returned for filter: Sanity Test Data Exchange Settings Report1</div></td>
    <td>00:03:01.857</td>
    <td colspan='5' align='center'>

    <!--css div popup start-->
    <a class="popup_link" onfocus='this.blur();' href="javascript:showTestDetail('div_pt10.1')" >
        pass</a>

    <div id='div_pt10.1' class="popup_window">
        <div style='text-align: right; color:red;cursor:pointer'>
        <a onfocus='this.blur();' onclick="document.getElementById('div_pt10.1').style.display = 'none' " >
           [x]</a>
        </div>
        <div class="result_detail"><pre>
        
pt10.1: debug: switch back to default
debug: switch back to default
debug: switch back to default
debug: switch back to default
debug: switch to frame mainFrame
debug: switch back to default
debug: switch to frame mainFrame


        </pre></div>
    </div>
    <!--css div popup end-->

    </td>
</tr>

<tr class='passClass'>
    <td>tests.BAS_Reports.Sanity_Test.Object_Query.DER_Failure_Report.DERFailureReport</td>
    <td>00:02:47.738</td>
    <td>1</td>
    <td>1</td>
    <td>0</td>
    <td>0</td>
    <td><a href="javascript:showClassDetail('c11',1)">Detail</a></td>
</tr>

<tr id='pt11.1' class='hiddenRow'>
    <td class='none'><div class='testcase'>testMain_1: Verify report data returned for filter: Sanity Test DER Failure Report</div></td>
    <td>00:02:47.738</td>
    <td colspan='5' align='center'>

    <!--css div popup start-->
    <a class="popup_link" onfocus='this.blur();' href="javascript:showTestDetail('div_pt11.1')" >
        pass</a>

    <div id='div_pt11.1' class="popup_window">
        <div style='text-align: right; color:red;cursor:pointer'>
        <a onfocus='this.blur();' onclick="document.getElementById('div_pt11.1').style.display = 'none' " >
           [x]</a>
        </div>
        <div class="result_detail"><pre>
        
pt11.1: debug: switch back to default
debug: switch back to default
debug: switch back to default
debug: switch back to default
debug: switch to frame mainFrame
debug: switch back to default
debug: switch to frame mainFrame


        </pre></div>
    </div>
    <!--css div popup end-->

    </td>
</tr>

<tr class='passClass'>
    <td>tests.BAS_Reports.Sanity_Test.Object_Query.Network_Number_Report.NetworkNumberReport</td>
    <td>00:02:04.687</td>
    <td>1</td>
    <td>1</td>
    <td>0</td>
    <td>0</td>
    <td><a href="javascript:showClassDetail('c12',1)">Detail</a></td>
</tr>

<tr id='pt12.1' class='hiddenRow'>
    <td class='none'><div class='testcase'>testMain_1: Verify report data returned for filter: Sanity Test Network Number Report</div></td>
    <td>00:02:04.687</td>
    <td colspan='5' align='center'>

    <!--css div popup start-->
    <a class="popup_link" onfocus='this.blur();' href="javascript:showTestDetail('div_pt12.1')" >
        pass</a>

    <div id='div_pt12.1' class="popup_window">
        <div style='text-align: right; color:red;cursor:pointer'>
        <a onfocus='this.blur();' onclick="document.getElementById('div_pt12.1').style.display = 'none' " >
           [x]</a>
        </div>
        <div class="result_detail"><pre>
        
pt12.1: debug: switch back to default
debug: switch back to default
debug: switch back to default
debug: switch back to default
debug: switch to frame mainFrame
debug: switch back to default
debug: switch to frame mainFrame


        </pre></div>
    </div>
    <!--css div popup end-->

    </td>
</tr>

<tr class='passClass'>
    <td>tests.BAS_Reports.Sanity_Test.Complex_Property_Test.Array_Property.TestCase</td>
    <td>00:04:31.024</td>
    <td>1</td>
    <td>1</td>
    <td>0</td>
    <td>0</td>
    <td><a href="javascript:showClassDetail('c13',1)">Detail</a></td>
</tr>

<tr id='pt13.1' class='hiddenRow'>
    <td class='none'><div class='testcase'>testMain_1: Verify report data returned for filter: Test Array.Property</div></td>
    <td>00:04:31.024</td>
    <td colspan='5' align='center'>

    <!--css div popup start-->
    <a class="popup_link" onfocus='this.blur();' href="javascript:showTestDetail('div_pt13.1')" >
        pass</a>

    <div id='div_pt13.1' class="popup_window">
        <div style='text-align: right; color:red;cursor:pointer'>
        <a onfocus='this.blur();' onclick="document.getElementById('div_pt13.1').style.display = 'none' " >
           [x]</a>
        </div>
        <div class="result_detail"><pre>
        
pt13.1: debug: switch back to default
debug: switch back to default
debug: switch back to default
debug: switch back to default
debug: switch to frame mainFrame
debug: switch back to default
debug: switch to frame mainFrame


        </pre></div>
    </div>
    <!--css div popup end-->

    </td>
</tr>

<tr class='failClass'>
    <td>tests.BAS_Reports.Sanity_Test.Complex_Property_Test.Union_Property.TestCase</td>
    <td>00:02:00.325</td>
    <td>1</td>
    <td>0</td>
    <td>1</td>
    <td>0</td>
    <td><a href="javascript:showClassDetail('c14',1)">Detail</a></td>
</tr>

<tr id='ft14.1' class='none'>
    <td class='failCase'><div class='testcase'>testMain_1: Verify report data returned for filter: Test Union.Property</div></td>
    <td>00:02:00.325</td>
    <td colspan='5' align='center'>

    <!--css div popup start-->
    <a class="popup_link" onfocus='this.blur();' href="javascript:showTestDetail('div_ft14.1')" >
        fail</a>

    <div id='div_ft14.1' class="popup_window">
        <div style='text-align: right; color:red;cursor:pointer'>
        <a onfocus='this.blur();' onclick="document.getElementById('div_ft14.1').style.display = 'none' " >
           [x]</a>
        </div>
        <div class="result_detail"><pre>
        
ft14.1: debug: switch back to default
debug: switch back to default
debug: switch back to default
debug: switch back to default
debug: switch to frame mainFrame
debug: switch back to default
debug: switch to frame mainFrame
generatingReport(): get Exception: Message: Generated report is not as expected

Traceback (most recent call last):
  File "C:\Python27\lib\site-packages\ddt.py", line 139, in wrapper
    return func(self, *args, **kwargs)
  File "U:\PyAutoTestSuite\enteliweb\tests\BAS_Reports\Sanity_Test\Complex_Property_Test\Union_Property.py", line 116, in testMain
    self.assertTrue(result, "failed to generate report")
AssertionError: False is not true : failed to generate report


        </pre></div>
    </div>
    <!--css div popup end-->

    </td>
</tr>

<tr class='passClass'>
    <td>tests.BAS_Reports.Sanity_Test.Complex_Property_Test.Group_Property.TestCase</td>
    <td>00:05:41.120</td>
    <td>2</td>
    <td>2</td>
    <td>0</td>
    <td>0</td>
    <td><a href="javascript:showClassDetail('c15',2)">Detail</a></td>
</tr>

<tr id='pt15.1' class='hiddenRow'>
    <td class='none'><div class='testcase'>testMain_1: Verify report data returned for filter: Test NET.Statistics.packetsDropped</div></td>
    <td>00:02:34.792</td>
    <td colspan='5' align='center'>

    <!--css div popup start-->
    <a class="popup_link" onfocus='this.blur();' href="javascript:showTestDetail('div_pt15.1')" >
        pass</a>

    <div id='div_pt15.1' class="popup_window">
        <div style='text-align: right; color:red;cursor:pointer'>
        <a onfocus='this.blur();' onclick="document.getElementById('div_pt15.1').style.display = 'none' " >
           [x]</a>
        </div>
        <div class="result_detail"><pre>
        
pt15.1: debug: switch back to default
debug: switch back to default
debug: switch back to default
debug: switch back to default
debug: switch to frame mainFrame
debug: switch back to default
debug: switch to frame mainFrame


        </pre></div>
    </div>
    <!--css div popup end-->

    </td>
</tr>

<tr id='pt15.2' class='hiddenRow'>
    <td class='none'><div class='testcase'>testMain_2: Verify report data returned for filter: Test SCH.Effective_Period.startDate</div></td>
    <td>00:03:06.328</td>
    <td colspan='5' align='center'>

    <!--css div popup start-->
    <a class="popup_link" onfocus='this.blur();' href="javascript:showTestDetail('div_pt15.2')" >
        pass</a>

    <div id='div_pt15.2' class="popup_window">
        <div style='text-align: right; color:red;cursor:pointer'>
        <a onfocus='this.blur();' onclick="document.getElementById('div_pt15.2').style.display = 'none' " >
           [x]</a>
        </div>
        <div class="result_detail"><pre>
        
pt15.2: debug: switch back to default
debug: switch back to default
debug: switch back to default
debug: switch back to default
debug: switch to frame mainFrame
debug: switch back to default
debug: switch to frame mainFrame


        </pre></div>
    </div>
    <!--css div popup end-->

    </td>
</tr>

<tr class='failClass'>
    <td>tests.BAS_Reports.Sanity_Test.Complex_Property_Test.Union_Group_Property.TestCase</td>
    <td>00:03:54.852</td>
    <td>2</td>
    <td>0</td>
    <td>2</td>
    <td>0</td>
    <td><a href="javascript:showClassDetail('c16',2)">Detail</a></td>
</tr>

<tr id='ft16.1' class='none'>
    <td class='failCase'><div class='testcase'>testMain_1: Verify report data returned for filter: Test DEV.Daylight_Savings_Start.weekNDay.dayOfWeek</div></td>
    <td>00:01:57.312</td>
    <td colspan='5' align='center'>

    <!--css div popup start-->
    <a class="popup_link" onfocus='this.blur();' href="javascript:showTestDetail('div_ft16.1')" >
        fail</a>

    <div id='div_ft16.1' class="popup_window">
        <div style='text-align: right; color:red;cursor:pointer'>
        <a onfocus='this.blur();' onclick="document.getElementById('div_ft16.1').style.display = 'none' " >
           [x]</a>
        </div>
        <div class="result_detail"><pre>
        
ft16.1: debug: switch back to default
debug: switch back to default
debug: switch back to default
debug: switch back to default
debug: switch to frame mainFrame
debug: switch back to default
debug: switch to frame mainFrame
generatingReport(): get Exception: Message: Generated report is not as expected

Traceback (most recent call last):
  File "C:\Python27\lib\site-packages\ddt.py", line 139, in wrapper
    return func(self, *args, **kwargs)
  File "U:\PyAutoTestSuite\enteliweb\tests\BAS_Reports\Sanity_Test\Complex_Property_Test\Union_Group_Property.py", line 116, in testMain
    self.assertTrue(result, "failed to generate report")
AssertionError: False is not true : failed to generate report


        </pre></div>
    </div>
    <!--css div popup end-->

    </td>
</tr>

<tr id='ft16.2' class='none'>
    <td class='failCase'><div class='testcase'>testMain_2: Verify report data returned for filter: Test EV.Event_Parameters.out-of-range.time-delay</div></td>
    <td>00:01:57.540</td>
    <td colspan='5' align='center'>

    <!--css div popup start-->
    <a class="popup_link" onfocus='this.blur();' href="javascript:showTestDetail('div_ft16.2')" >
        fail</a>

    <div id='div_ft16.2' class="popup_window">
        <div style='text-align: right; color:red;cursor:pointer'>
        <a onfocus='this.blur();' onclick="document.getElementById('div_ft16.2').style.display = 'none' " >
           [x]</a>
        </div>
        <div class="result_detail"><pre>
        
ft16.2: debug: switch back to default
debug: switch back to default
debug: switch back to default
debug: switch back to default
debug: switch to frame mainFrame
debug: switch back to default
debug: switch to frame mainFrame
generatingReport(): get Exception: Message: Generated report is not as expected

Traceback (most recent call last):
  File "C:\Python27\lib\site-packages\ddt.py", line 139, in wrapper
    return func(self, *args, **kwargs)
  File "U:\PyAutoTestSuite\enteliweb\tests\BAS_Reports\Sanity_Test\Complex_Property_Test\Union_Group_Property.py", line 116, in testMain
    self.assertTrue(result, "failed to generate report")
AssertionError: False is not true : failed to generate report


        </pre></div>
    </div>
    <!--css div popup end-->

    </td>
</tr>

<tr class='failClass'>
    <td>tests.BAS_Reports.Sanity_Test.Complex_Property_Test.Union_Group_Union_Property.TestCase</td>
    <td>00:01:57.959</td>
    <td>1</td>
    <td>0</td>
    <td>1</td>
    <td>0</td>
    <td><a href="javascript:showClassDetail('c17',1)">Detail</a></td>
</tr>

<tr id='ft17.1' class='none'>
    <td class='failCase'><div class='testcase'>testMain_1: Verify report data returned for filter: EV.Context.change-of-state.previousValue.binary-value</div></td>
    <td>00:01:57.959</td>
    <td colspan='5' align='center'>

    <!--css div popup start-->
    <a class="popup_link" onfocus='this.blur();' href="javascript:showTestDetail('div_ft17.1')" >
        fail</a>

    <div id='div_ft17.1' class="popup_window">
        <div style='text-align: right; color:red;cursor:pointer'>
        <a onfocus='this.blur();' onclick="document.getElementById('div_ft17.1').style.display = 'none' " >
           [x]</a>
        </div>
        <div class="result_detail"><pre>
        
ft17.1: debug: switch back to default
debug: switch back to default
debug: switch back to default
debug: switch back to default
debug: switch to frame mainFrame
debug: switch back to default
debug: switch to frame mainFrame
generatingReport(): get Exception: Message: Generated report is not as expected

Traceback (most recent call last):
  File "C:\Python27\lib\site-packages\ddt.py", line 139, in wrapper
    return func(self, *args, **kwargs)
  File "U:\PyAutoTestSuite\enteliweb\tests\BAS_Reports\Sanity_Test\Complex_Property_Test\Union_Group_Union_Property.py", line 116, in testMain
    self.assertTrue(result, "failed to generate report")
AssertionError: False is not true : failed to generate report


        </pre></div>
    </div>
    <!--css div popup end-->

    </td>
</tr>

<tr class='passClass'>
    <td>tests.BAS_Reports.Sanity_Test.Complex_Property_Test.Array_Group_Property.TestCase</td>
    <td>00:02:11.560</td>
    <td>1</td>
    <td>1</td>
    <td>0</td>
    <td>0</td>
    <td><a href="javascript:showClassDetail('c18',1)">Detail</a></td>
</tr>

<tr id='pt18.1' class='hiddenRow'>
    <td class='none'><div class='testcase'>testMain_1: Verify report data returned for filter: MT.Trend_Log_List[1].reference</div></td>
    <td>00:02:11.560</td>
    <td colspan='5' align='center'>

    <!--css div popup start-->
    <a class="popup_link" onfocus='this.blur();' href="javascript:showTestDetail('div_pt18.1')" >
        pass</a>

    <div id='div_pt18.1' class="popup_window">
        <div style='text-align: right; color:red;cursor:pointer'>
        <a onfocus='this.blur();' onclick="document.getElementById('div_pt18.1').style.display = 'none' " >
           [x]</a>
        </div>
        <div class="result_detail"><pre>
        
pt18.1: debug: switch back to default
debug: switch back to default
debug: switch back to default
debug: switch back to default
debug: switch to frame mainFrame
debug: switch back to default
debug: switch to frame mainFrame


        </pre></div>
    </div>
    <!--css div popup end-->

    </td>
</tr>

<tr class='failClass'>
    <td>tests.BAS_Reports.Sanity_Test.Complex_Property_Test.Array_Union_Group_Property.TestCase</td>
    <td>00:02:08.048</td>
    <td>1</td>
    <td>0</td>
    <td>1</td>
    <td>0</td>
    <td><a href="javascript:showClassDetail('c19',1)">Detail</a></td>
</tr>

<tr id='ft19.1' class='none'>
    <td class='failCase'><div class='testcase'>testMain_1: Verify report data returned for filter: NET.Advanced_Adapter[2].mstp.network</div></td>
    <td>00:02:08.048</td>
    <td colspan='5' align='center'>

    <!--css div popup start-->
    <a class="popup_link" onfocus='this.blur();' href="javascript:showTestDetail('div_ft19.1')" >
        fail</a>

    <div id='div_ft19.1' class="popup_window">
        <div style='text-align: right; color:red;cursor:pointer'>
        <a onfocus='this.blur();' onclick="document.getElementById('div_ft19.1').style.display = 'none' " >
           [x]</a>
        </div>
        <div class="result_detail"><pre>
        
ft19.1: debug: switch back to default
debug: switch back to default
debug: switch back to default
debug: switch back to default
debug: switch to frame mainFrame
debug: switch back to default
debug: switch to frame mainFrame
AssertionError: False is not true : 
Element counts were not equal:
First has 1, Second has 0:  u'DEV 2600 \u201a\u0192\u201e\u2026\u2020\u2021\u02c6\u2030\u2018\u2019\u201c\u201d\u2022\u2013\u2014\u02dc\u2122\xa2\xa3\xa4\xa5\xa6\xa7\xa8\xa9@\xc1\xc2\xc3\xc4\xc5\xc6\xc7\xc8\xc9\xd1\xd2\xd3\xd4\xd5\xd6\xd7\xd8\xd9\xe2\xe3\xe4\xe5\xe6\xe7\xe8\xe9 (2600)'
First has 0, Second has 1:  u'DEV 2600 \x81\u201a\u0192\u201e\u2026\u2020\u2021\u02c6\u2030\u2018\u2019\u201c\u201d\u2022\u2013\u2014\u02dc\u2122\xa2\xa3\xa4\xa5\xa6\xa7\xa8\xa9@\xc1\xc2\xc3\xc4\xc5\xc6\xc7\xc8\xc9\xd1\xd2\xd3\xd4\xd5\xd6\xd7\xd8\xd9\xe2\xe3\xe4\xe5\xe6\xe7\xe8\xe9 (2600)' : Verify the accuracy of grouping label failed


        </pre></div>
    </div>
    <!--css div popup end-->

    </td>
</tr>

<tr class='passClass'>
    <td>tests.BAS_Reports.Sanity_Test.Complex_Property_Test.Array_Group_Union_Property.TestCase</td>
    <td>00:02:41.409</td>
    <td>1</td>
    <td>1</td>
    <td>0</td>
    <td>0</td>
    <td><a href="javascript:showClassDetail('c20',1)">Detail</a></td>
</tr>

<tr id='pt20.1' class='hiddenRow'>
    <td class='none'><div class='testcase'>testMain_1: Verify report data returned for filter: NET.Advanced_Adapter[2].mstp.network</div></td>
    <td>00:02:41.409</td>
    <td colspan='5' align='center'>

    <!--css div popup start-->
    <a class="popup_link" onfocus='this.blur();' href="javascript:showTestDetail('div_pt20.1')" >
        pass</a>

    <div id='div_pt20.1' class="popup_window">
        <div style='text-align: right; color:red;cursor:pointer'>
        <a onfocus='this.blur();' onclick="document.getElementById('div_pt20.1').style.display = 'none' " >
           [x]</a>
        </div>
        <div class="result_detail"><pre>
        
pt20.1: debug: switch back to default
debug: switch back to default
debug: switch back to default
debug: switch back to default
debug: switch to frame mainFrame
debug: switch back to default
debug: switch to frame mainFrame


        </pre></div>
    </div>
    <!--css div popup end-->

    </td>
</tr>

<tr class='failClass'>
    <td>tests.BAS_Reports.Sanity_Test.Sorting_Test.test_sorting_alphabetically.TestCase</td>
    <td>00:08:28.153</td>
    <td>4</td>
    <td>2</td>
    <td>2</td>
    <td>0</td>
    <td><a href="javascript:showClassDetail('c21',4)">Detail</a></td>
</tr>

<tr id='pt21.1' class='hiddenRow'>
    <td class='none'><div class='testcase'>testMain_1: Verify report data returned for filter: sort ascending alphabetically</div></td>
    <td>00:01:53.231</td>
    <td colspan='5' align='center'>

    <!--css div popup start-->
    <a class="popup_link" onfocus='this.blur();' href="javascript:showTestDetail('div_pt21.1')" >
        pass</a>

    <div id='div_pt21.1' class="popup_window">
        <div style='text-align: right; color:red;cursor:pointer'>
        <a onfocus='this.blur();' onclick="document.getElementById('div_pt21.1').style.display = 'none' " >
           [x]</a>
        </div>
        <div class="result_detail"><pre>
        
pt21.1: debug: switch back to default
debug: switch back to default
debug: switch back to default
debug: switch back to default
debug: switch to frame mainFrame
debug: switch back to default
debug: switch to frame mainFrame


        </pre></div>
    </div>
    <!--css div popup end-->

    </td>
</tr>

<tr id='pt21.2' class='hiddenRow'>
    <td class='none'><div class='testcase'>testMain_2: Verify report data returned for filter: sort descending alphabetically</div></td>
    <td>00:01:50.549</td>
    <td colspan='5' align='center'>

    <!--css div popup start-->
    <a class="popup_link" onfocus='this.blur();' href="javascript:showTestDetail('div_pt21.2')" >
        pass</a>

    <div id='div_pt21.2' class="popup_window">
        <div style='text-align: right; color:red;cursor:pointer'>
        <a onfocus='this.blur();' onclick="document.getElementById('div_pt21.2').style.display = 'none' " >
           [x]</a>
        </div>
        <div class="result_detail"><pre>
        
pt21.2: debug: switch back to default
debug: switch back to default
debug: switch back to default
debug: switch back to default
debug: switch to frame mainFrame
debug: switch back to default
debug: switch to frame mainFrame


        </pre></div>
    </div>
    <!--css div popup end-->

    </td>
</tr>

<tr id='ft21.3' class='none'>
    <td class='failCase'><div class='testcase'>testMain_3: Verify report data returned for filter: in group sort ascending alphabetically</div></td>
    <td>00:02:15.706</td>
    <td colspan='5' align='center'>

    <!--css div popup start-->
    <a class="popup_link" onfocus='this.blur();' href="javascript:showTestDetail('div_ft21.3')" >
        fail</a>

    <div id='div_ft21.3' class="popup_window">
        <div style='text-align: right; color:red;cursor:pointer'>
        <a onfocus='this.blur();' onclick="document.getElementById('div_ft21.3').style.display = 'none' " >
           [x]</a>
        </div>
        <div class="result_detail"><pre>
        
ft21.3: debug: switch back to default
debug: switch back to default
debug: switch back to default
debug: switch back to default
debug: switch to frame mainFrame
debug: switch back to default
debug: switch to frame mainFrame
Traceback (most recent call last):
  File "C:\Python27\lib\site-packages\ddt.py", line 139, in wrapper
    return func(self, *args, **kwargs)
  File "U:\PyAutoTestSuite\enteliweb\tests\BAS_Reports\Sanity_Test\Sorting_Test\test_sorting_alphabetically.py", line 138, in testMain
    self._testSorting(value, key)
  File "U:\PyAutoTestSuite\enteliweb\tests\BAS_Reports\Sanity_Test\Sorting_Test\test_sorting_alphabetically.py", line 161, in _testSorting
    self.assertListEqual(current, expected, errMessage)
AssertionError: Lists differ: [u'\u221e', u'Automated Test A... != [u'Automated Test Analog Input...

First differing element 0:
u'\u221e'
u'Automated Test Analog Input 10'

- [u'\u221e',
-  u'Automated Test Analog Input 10',
? ^

+ [u'Automated Test Analog Input 10',
? ^

   u'Automated Test Analog Input 11',
   u'Automated Test Analog Input 12',
   u'Automated Test Analog Input 13',
   u'Automated Test Analog Input 14',
   u'Automated Test Analog Input 15',
   u'Automated Test Analog Input 16',
   u'Automated Test Analog Input 17',
   u'Automated Test Analog Input 18',
   u'Automated Test Analog Input 19',
   u'Automated Test Analog Input 20',
   u'Automated Test Analog Input 21',
   u'Automated Test Analog Input 22',
   u'Automated Test Analog Input 23',
   u'Automated Test Analog Input 28 Second Name Alteration',
   u'Automated Test Analog Input 29',
   u'Automated Test Analog Input 30',
   u'Automated Test Analog Input 5',
   u'Automated Test Analog Input 6',
   u'Automated Test Analog Input 7',
   u'Automated Test Analog Input 8',
   u'Automated Test Analog Input 9',
   u'RobH BI',
   u'RobH MI',
   u'TestAI2',
-  u'TestAI4']
?            ^

+  u'TestAI4',
?            ^

+  u'\u221e'] : Device '2200', Verify object names (text) are alphabetically ascending sorted failed.


        </pre></div>
    </div>
    <!--css div popup end-->

    </td>
</tr>

<tr id='ft21.4' class='none'>
    <td class='failCase'><div class='testcase'>testMain_4: Verify report data returned for filter: in group sort descending alphabetically</div></td>
    <td>00:02:28.667</td>
    <td colspan='5' align='center'>

    <!--css div popup start-->
    <a class="popup_link" onfocus='this.blur();' href="javascript:showTestDetail('div_ft21.4')" >
        fail</a>

    <div id='div_ft21.4' class="popup_window">
        <div style='text-align: right; color:red;cursor:pointer'>
        <a onfocus='this.blur();' onclick="document.getElementById('div_ft21.4').style.display = 'none' " >
           [x]</a>
        </div>
        <div class="result_detail"><pre>
        
ft21.4: debug: switch back to default
debug: switch back to default
debug: switch back to default
debug: switch back to default
debug: switch to frame mainFrame
debug: switch back to default
debug: switch to frame mainFrame
Traceback (most recent call last):
  File "C:\Python27\lib\site-packages\ddt.py", line 139, in wrapper
    return func(self, *args, **kwargs)
  File "U:\PyAutoTestSuite\enteliweb\tests\BAS_Reports\Sanity_Test\Sorting_Test\test_sorting_alphabetically.py", line 138, in testMain
    self._testSorting(value, key)
  File "U:\PyAutoTestSuite\enteliweb\tests\BAS_Reports\Sanity_Test\Sorting_Test\test_sorting_alphabetically.py", line 161, in _testSorting
    self.assertListEqual(current, expected, errMessage)
AssertionError: Lists differ: [u'TestAI4', u'TestAI2', u'Rob... != [u'\u221e', u'TestAI4', u'Test...

First differing element 0:
u'TestAI4'
u'\u221e'

+ [u'\u221e',
- [u'TestAI4',
? ^

+  u'TestAI4',
? ^

   u'TestAI2',
   u'RobH MI',
   u'RobH BI',
   u'Automated Test Analog Input 9',
   u'Automated Test Analog Input 8',
   u'Automated Test Analog Input 7',
   u'Automated Test Analog Input 6',
   u'Automated Test Analog Input 5',
   u'Automated Test Analog Input 30',
   u'Automated Test Analog Input 29',
   u'Automated Test Analog Input 28 Second Name Alteration',
   u'Automated Test Analog Input 23',
   u'Automated Test Analog Input 22',
   u'Automated Test Analog Input 21',
   u'Automated Test Analog Input 20',
   u'Automated Test Analog Input 19',
   u'Automated Test Analog Input 18',
   u'Automated Test Analog Input 17',
   u'Automated Test Analog Input 16',
   u'Automated Test Analog Input 15',
   u'Automated Test Analog Input 14',
   u'Automated Test Analog Input 13',
   u'Automated Test Analog Input 12',
   u'Automated Test Analog Input 11',
-  u'Automated Test Analog Input 10',
?                                   ^

+  u'Automated Test Analog Input 10']
?                                   ^

-  u'\u221e'] : Device '2200', Verify object names (text) are alphabetically descending sorted failed.


        </pre></div>
    </div>
    <!--css div popup end-->

    </td>
</tr>

<tr class='failClass'>
    <td>tests.BAS_Reports.Sanity_Test.Sorting_Test.test_sorting_numerically.TestCase</td>
    <td>00:20:26.332</td>
    <td>5</td>
    <td>3</td>
    <td>2</td>
    <td>0</td>
    <td><a href="javascript:showClassDetail('c22',5)">Detail</a></td>
</tr>

<tr id='pt22.1' class='hiddenRow'>
    <td class='none'><div class='testcase'>testMain_1: Verify sorting numerically without value format</div></td>
    <td>00:01:56.269</td>
    <td colspan='5' align='center'>

    <!--css div popup start-->
    <a class="popup_link" onfocus='this.blur();' href="javascript:showTestDetail('div_pt22.1')" >
        pass</a>

    <div id='div_pt22.1' class="popup_window">
        <div style='text-align: right; color:red;cursor:pointer'>
        <a onfocus='this.blur();' onclick="document.getElementById('div_pt22.1').style.display = 'none' " >
           [x]</a>
        </div>
        <div class="result_detail"><pre>
        
pt22.1: debug: switch back to default
debug: switch back to default
debug: switch back to default
debug: switch back to default
debug: switch to frame mainFrame
debug: switch back to default
debug: switch to frame mainFrame


        </pre></div>
    </div>
    <!--css div popup end-->

    </td>
</tr>

<tr id='pt22.2' class='hiddenRow'>
    <td class='none'><div class='testcase'>testMain_2: Verify sorting numerically with value format</div></td>
    <td>00:01:53.910</td>
    <td colspan='5' align='center'>

    <!--css div popup start-->
    <a class="popup_link" onfocus='this.blur();' href="javascript:showTestDetail('div_pt22.2')" >
        pass</a>

    <div id='div_pt22.2' class="popup_window">
        <div style='text-align: right; color:red;cursor:pointer'>
        <a onfocus='this.blur();' onclick="document.getElementById('div_pt22.2').style.display = 'none' " >
           [x]</a>
        </div>
        <div class="result_detail"><pre>
        
pt22.2: debug: switch back to default
debug: switch back to default
debug: switch back to default
debug: switch back to default
debug: switch to frame mainFrame
debug: switch back to default
debug: switch to frame mainFrame


        </pre></div>
    </div>
    <!--css div popup end-->

    </td>
</tr>

<tr id='pt22.3' class='hiddenRow'>
    <td class='none'><div class='testcase'>testMain_3: Verify sorting numerically descending</div></td>
    <td>00:01:54.304</td>
    <td colspan='5' align='center'>

    <!--css div popup start-->
    <a class="popup_link" onfocus='this.blur();' href="javascript:showTestDetail('div_pt22.3')" >
        pass</a>

    <div id='div_pt22.3' class="popup_window">
        <div style='text-align: right; color:red;cursor:pointer'>
        <a onfocus='this.blur();' onclick="document.getElementById('div_pt22.3').style.display = 'none' " >
           [x]</a>
        </div>
        <div class="result_detail"><pre>
        
pt22.3: debug: switch back to default
debug: switch back to default
debug: switch back to default
debug: switch back to default
debug: switch to frame mainFrame
debug: switch back to default
debug: switch to frame mainFrame


        </pre></div>
    </div>
    <!--css div popup end-->

    </td>
</tr>

<tr id='ft22.4' class='none'>
    <td class='failCase'><div class='testcase'>testMain_4: Verify in group sorting numerically ascending</div></td>
    <td>00:07:20.410</td>
    <td colspan='5' align='center'>

    <!--css div popup start-->
    <a class="popup_link" onfocus='this.blur();' href="javascript:showTestDetail('div_ft22.4')" >
        fail</a>

    <div id='div_ft22.4' class="popup_window">
        <div style='text-align: right; color:red;cursor:pointer'>
        <a onfocus='this.blur();' onclick="document.getElementById('div_ft22.4').style.display = 'none' " >
           [x]</a>
        </div>
        <div class="result_detail"><pre>
        
ft22.4: debug: switch back to default
debug: switch back to default
debug: switch back to default
debug: switch back to default
debug: switch to frame mainFrame
debug: switch back to default
debug: switch to frame mainFrame
AssertionError: False is not true : 
False is not true : Manual sort current values for device '2003' failed: could not convert string to float: 


        </pre></div>
    </div>
    <!--css div popup end-->

    </td>
</tr>

<tr id='ft22.5' class='none'>
    <td class='failCase'><div class='testcase'>testMain_5: Verify in group sorting numerically descending</div></td>
    <td>00:07:21.439</td>
    <td colspan='5' align='center'>

    <!--css div popup start-->
    <a class="popup_link" onfocus='this.blur();' href="javascript:showTestDetail('div_ft22.5')" >
        fail</a>

    <div id='div_ft22.5' class="popup_window">
        <div style='text-align: right; color:red;cursor:pointer'>
        <a onfocus='this.blur();' onclick="document.getElementById('div_ft22.5').style.display = 'none' " >
           [x]</a>
        </div>
        <div class="result_detail"><pre>
        
ft22.5: debug: switch back to default
debug: switch back to default
debug: switch back to default
debug: switch back to default
debug: switch to frame mainFrame
debug: switch back to default
debug: switch to frame mainFrame
AssertionError: False is not true : 
False is not true : Manual sort current values for device '2003' failed: could not convert string to float: 


        </pre></div>
    </div>
    <!--css div popup end-->

    </td>
</tr>

<tr class='passClass'>
    <td>tests.BAS_Reports.Sanity_Test.Regression_Test.EWEB_21258.TestCase</td>
    <td>00:01:28.755</td>
    <td>1</td>
    <td>1</td>
    <td>0</td>
    <td>0</td>
    <td><a href="javascript:showClassDetail('c23',1)">Detail</a></td>
</tr>

<tr id='pt23.1' class='hiddenRow'>
    <td class='none'><div class='testcase'>testMain_1: Verify report data returned for filter: Regression Test EWEB_21258</div></td>
    <td>00:01:28.755</td>
    <td colspan='5' align='center'>

    <!--css div popup start-->
    <a class="popup_link" onfocus='this.blur();' href="javascript:showTestDetail('div_pt23.1')" >
        pass</a>

    <div id='div_pt23.1' class="popup_window">
        <div style='text-align: right; color:red;cursor:pointer'>
        <a onfocus='this.blur();' onclick="document.getElementById('div_pt23.1').style.display = 'none' " >
           [x]</a>
        </div>
        <div class="result_detail"><pre>
        
pt23.1: debug: switch back to default
debug: switch back to default
debug: switch back to default
debug: switch back to default
debug: switch to frame mainFrame
debug: switch back to default
debug: switch to frame mainFrame


        </pre></div>
    </div>
    <!--css div popup end-->

    </td>
</tr>

<tr id='total_row'>
    <td>Total</td>
    <td>01:39:33.021</td>
    <td>33</td>
    <td>20</td>
    <td>13</td>
    <td>0</td>
    <td>&nbsp;</td>
</tr>
</table>

<div id='ending'>&nbsp;</div>

</body>
</html>
